text_encoder/model.safetensors not found
Loading pipeline components...:   0%|          | 0/6 [00:00<?, ?it/s]Loading pipeline components...:  33%|███▎      | 2/6 [00:00<00:00,  9.17it/s]Loading pipeline components...:  50%|█████     | 3/6 [00:01<00:01,  2.03it/s]Loading pipeline components...:  67%|██████▋   | 4/6 [00:01<00:00,  2.37it/s]Loading pipeline components...: 100%|██████████| 6/6 [00:01<00:00,  3.68it/s]
Length of test data: 25014
Length of train data: 591753
/home/njd2135/yw3809/.venv/lib/python3.8/site-packages/torch/nn/modules/transformer.py:282: UserWarning: enable_nested_tensor is True, but self.use_nested_tensor is False because encoder_layer.self_attn.batch_first was not True(use batch_first for better inference performance)
  warnings.warn(f"enable_nested_tensor is True, but self.use_nested_tensor is False because {why_not_sparsity_fast_path}")
Number of parameters: 10229953
Adjusting learning rate of group 0 to 3.0000e-04.
/home/njd2135/yw3809/.venv/lib/python3.8/site-packages/torch/nn/parallel/_functions.py:68: UserWarning: Was asked to gather along dimension 0, but all input tensors were scalars; will instead unsqueeze and return a vector.
  warnings.warn('Was asked to gather along dimension 0, but all '
Loss at epoch 0, batch 0: tensor([443.3341, 443.2980], device='cuda:0', grad_fn=<GatherBackward>)
Loss at epoch 0, batch 50: tensor([74.9902, 75.4271], device='cuda:0', grad_fn=<GatherBackward>)
Loss at epoch 0, batch 100: tensor([56.5087, 56.2000], device='cuda:0', grad_fn=<GatherBackward>)
Loss at epoch 0, batch 150: tensor([51.9995, 51.9108], device='cuda:0', grad_fn=<GatherBackward>)
Loss at epoch 0, batch 200: tensor([47.4709, 47.2646], device='cuda:0', grad_fn=<GatherBackward>)
Loss at epoch 0, batch 250: tensor([39.0423, 38.7836], device='cuda:0', grad_fn=<GatherBackward>)
Loss at epoch 0, batch 300: tensor([40.1195, 40.0522], device='cuda:0', grad_fn=<GatherBackward>)
Loss at epoch 0, batch 350: tensor([36.8134, 36.8338], device='cuda:0', grad_fn=<GatherBackward>)
Loss at epoch 0, batch 400: tensor([36.7887, 36.5764], device='cuda:0', grad_fn=<GatherBackward>)
Loss at epoch 0, batch 450: tensor([36.2525, 36.2897], device='cuda:0', grad_fn=<GatherBackward>)
Loss at epoch 0, batch 500: tensor([34.6905, 34.7962], device='cuda:0', grad_fn=<GatherBackward>)
Loss at epoch 0, batch 550: tensor([36.3836, 36.0006], device='cuda:0', grad_fn=<GatherBackward>)
Loss at epoch 0, batch 600: tensor([34.5293, 34.4756], device='cuda:0', grad_fn=<GatherBackward>)
Loss at epoch 0, batch 650: tensor([34.0389, 34.2196], device='cuda:0', grad_fn=<GatherBackward>)
Loss at epoch 0, batch 700: tensor([34.5458, 34.7041], device='cuda:0', grad_fn=<GatherBackward>)
Loss at epoch 0, batch 750: tensor([34.1129, 34.1998], device='cuda:0', grad_fn=<GatherBackward>)
Loss at epoch 0, batch 800: tensor([34.3311, 34.0038], device='cuda:0', grad_fn=<GatherBackward>)
Loss at epoch 0, batch 850: tensor([33.8122, 33.6800], device='cuda:0', grad_fn=<GatherBackward>)
Loss at epoch 0, batch 900: tensor([33.3567, 33.3443], device='cuda:0', grad_fn=<GatherBackward>)
Loss at epoch 0, batch 950: tensor([33.3368, 33.2876], device='cuda:0', grad_fn=<GatherBackward>)
Loss at epoch 0, batch 1000: tensor([33.4963, 33.5244], device='cuda:0', grad_fn=<GatherBackward>)
Loss at epoch 0, batch 1050: tensor([33.1717, 33.1253], device='cuda:0', grad_fn=<GatherBackward>)
Loss at epoch 0, batch 1100: tensor([33.0326, 33.0067], device='cuda:0', grad_fn=<GatherBackward>)
Loss at epoch 0, batch 1150: tensor([33.9911, 34.0290], device='cuda:0', grad_fn=<GatherBackward>)
Loss at epoch 0, batch 1200: tensor([32.6286, 32.6355], device='cuda:0', grad_fn=<GatherBackward>)
Loss at epoch 0, batch 1250: tensor([32.2168, 32.2228], device='cuda:0', grad_fn=<GatherBackward>)
Loss at epoch 0, batch 1300: tensor([32.0074, 31.4038], device='cuda:0', grad_fn=<GatherBackward>)
Loss at epoch 0, batch 1350: tensor([31.9629, 32.0603], device='cuda:0', grad_fn=<GatherBackward>)
Loss at epoch 0, batch 1400: tensor([30.9308, 30.6596], device='cuda:0', grad_fn=<GatherBackward>)
Loss at epoch 0, batch 1450: tensor([30.6388, 31.1236], device='cuda:0', grad_fn=<GatherBackward>)
Loss at epoch 0, batch 1500: tensor([31.2086, 30.7312], device='cuda:0', grad_fn=<GatherBackward>)
Loss at epoch 0, batch 1550: tensor([30.8372, 30.8552], device='cuda:0', grad_fn=<GatherBackward>)
Loss at epoch 0, batch 1600: tensor([31.0294, 30.9529], device='cuda:0', grad_fn=<GatherBackward>)
Loss at epoch 0, batch 1650: tensor([30.7788, 30.9999], device='cuda:0', grad_fn=<GatherBackward>)
Loss at epoch 0, batch 1700: tensor([30.2792, 30.8336], device='cuda:0', grad_fn=<GatherBackward>)
Loss at epoch 0, batch 1750: tensor([31.0979, 30.7557], device='cuda:0', grad_fn=<GatherBackward>)
Loss at epoch 0, batch 1800: tensor([29.8515, 30.5842], device='cuda:0', grad_fn=<GatherBackward>)
Loss at epoch 0, batch 1850: tensor([30.9868, 30.6773], device='cuda:0', grad_fn=<GatherBackward>)
Loss at epoch 0, batch 1900: tensor([30.4867, 31.2164], device='cuda:0', grad_fn=<GatherBackward>)
Loss at epoch 0, batch 1950: tensor([30.5328, 30.6696], device='cuda:0', grad_fn=<GatherBackward>)
Loss at epoch 0, batch 2000: tensor([30.4118, 29.9857], device='cuda:0', grad_fn=<GatherBackward>)
Loss at epoch 0, batch 2050: tensor([30.5572, 30.2707], device='cuda:0', grad_fn=<GatherBackward>)
Loss at epoch 0, batch 2100: tensor([30.7687, 30.4263], device='cuda:0', grad_fn=<GatherBackward>)
Loss at epoch 0, batch 2150: tensor([30.2598, 30.3717], device='cuda:0', grad_fn=<GatherBackward>)
Loss at epoch 0, batch 2200: tensor([30.1419, 30.5836], device='cuda:0', grad_fn=<GatherBackward>)
Loss at epoch 0, batch 2250: tensor([30.7295, 30.3976], device='cuda:0', grad_fn=<GatherBackward>)
Loss at epoch 0, batch 2300: tensor([30.4098, 30.4319], device='cuda:0', grad_fn=<GatherBackward>)
Loss at epoch 0, batch 2350: tensor([30.7869, 30.9502], device='cuda:0', grad_fn=<GatherBackward>)
Loss at epoch 0, batch 2400: tensor([30.4720, 29.9267], device='cuda:0', grad_fn=<GatherBackward>)
Loss at epoch 0, batch 2450: tensor([30.4414, 30.7233], device='cuda:0', grad_fn=<GatherBackward>)
Loss at epoch 0, batch 2500: tensor([30.4136, 30.5861], device='cuda:0', grad_fn=<GatherBackward>)
Loss at epoch 0, batch 2550: tensor([30.3115, 30.1150], device='cuda:0', grad_fn=<GatherBackward>)
Loss at epoch 0, batch 2600: tensor([30.1080, 30.6830], device='cuda:0', grad_fn=<GatherBackward>)
Loss at epoch 0, batch 2650: tensor([30.7406, 30.3024], device='cuda:0', grad_fn=<GatherBackward>)
Loss at epoch 0, batch 2700: tensor([29.8197, 30.3093], device='cuda:0', grad_fn=<GatherBackward>)
Loss at epoch 0, batch 2750: tensor([30.2937, 30.9343], device='cuda:0', grad_fn=<GatherBackward>)
Loss at epoch 0, batch 2800: tensor([30.2314, 30.0954], device='cuda:0', grad_fn=<GatherBackward>)
Loss at epoch 0, batch 2850: tensor([30.0180, 30.1709], device='cuda:0', grad_fn=<GatherBackward>)
Loss at epoch 0, batch 2900: tensor([30.4496, 30.2971], device='cuda:0', grad_fn=<GatherBackward>)
Loss at epoch 0, batch 2950: tensor([30.3205, 30.0591], device='cuda:0', grad_fn=<GatherBackward>)
Loss at epoch 0, batch 3000: tensor([30.2314, 29.9910], device='cuda:0', grad_fn=<GatherBackward>)
Loss at epoch 0, batch 3050: tensor([30.9329, 30.4761], device='cuda:0', grad_fn=<GatherBackward>)
Loss at epoch 0, batch 3100: tensor([29.9785, 30.2771], device='cuda:0', grad_fn=<GatherBackward>)
Loss at epoch 0, batch 3150: tensor([29.8520, 30.4642], device='cuda:0', grad_fn=<GatherBackward>)
Loss at epoch 0, batch 3200: tensor([30.5120, 30.5465], device='cuda:0', grad_fn=<GatherBackward>)
Loss at epoch 0, batch 3250: tensor([29.8932, 30.3238], device='cuda:0', grad_fn=<GatherBackward>)
Loss at epoch 0, batch 3300: tensor([30.1764, 30.4048], device='cuda:0', grad_fn=<GatherBackward>)
Loss at epoch 0, batch 3350: tensor([29.7709, 30.5447], device='cuda:0', grad_fn=<GatherBackward>)
Loss at epoch 0, batch 3400: tensor([29.9198, 30.5030], device='cuda:0', grad_fn=<GatherBackward>)
Loss at epoch 0, batch 3450: tensor([30.1070, 30.1984], device='cuda:0', grad_fn=<GatherBackward>)
Loss at epoch 0, batch 3500: tensor([30.2033, 30.2304], device='cuda:0', grad_fn=<GatherBackward>)
Loss at epoch 0, batch 3550: tensor([30.6347, 30.6427], device='cuda:0', grad_fn=<GatherBackward>)
Loss at epoch 0, batch 3600: tensor([29.5645, 30.3087], device='cuda:0', grad_fn=<GatherBackward>)
Loss at epoch 0, batch 3650: tensor([30.3518, 30.2350], device='cuda:0', grad_fn=<GatherBackward>)
Loss at epoch 0, batch 3700: tensor([30.0920, 30.0304], device='cuda:0', grad_fn=<GatherBackward>)
Loss at epoch 0, batch 3750: tensor([30.3353, 30.4267], device='cuda:0', grad_fn=<GatherBackward>)
Loss at epoch 0, batch 3800: tensor([30.0909, 30.5427], device='cuda:0', grad_fn=<GatherBackward>)
Loss at epoch 0, batch 3850: tensor([29.8211, 30.2053], device='cuda:0', grad_fn=<GatherBackward>)
Loss at epoch 0, batch 3900: tensor([30.4143, 30.0268], device='cuda:0', grad_fn=<GatherBackward>)
Loss at epoch 0, batch 3950: tensor([30.1411, 30.1288], device='cuda:0', grad_fn=<GatherBackward>)
Loss at epoch 0, batch 4000: tensor([29.8944, 30.5549], device='cuda:0', grad_fn=<GatherBackward>)
Loss at epoch 0, batch 4050: tensor([30.1393, 30.1965], device='cuda:0', grad_fn=<GatherBackward>)
Loss at epoch 0, batch 4100: tensor([29.9259, 30.0836], device='cuda:0', grad_fn=<GatherBackward>)
Loss at epoch 0, batch 4150: tensor([29.9838, 29.7026], device='cuda:0', grad_fn=<GatherBackward>)
Loss at epoch 0, batch 4200: tensor([29.5282, 29.9339], device='cuda:0', grad_fn=<GatherBackward>)
Loss at epoch 0, batch 4250: tensor([30.0860, 29.9530], device='cuda:0', grad_fn=<GatherBackward>)
Loss at epoch 0, batch 4300: tensor([30.2007, 30.4051], device='cuda:0', grad_fn=<GatherBackward>)
Loss at epoch 0, batch 4350: tensor([30.0264, 30.2075], device='cuda:0', grad_fn=<GatherBackward>)
Loss at epoch 0, batch 4400: tensor([29.8403, 30.1619], device='cuda:0', grad_fn=<GatherBackward>)
Loss at epoch 0, batch 4450: tensor([30.2083, 30.2780], device='cuda:0', grad_fn=<GatherBackward>)
Loss at epoch 0, batch 4500: tensor([29.9262, 30.1149], device='cuda:0', grad_fn=<GatherBackward>)
Loss at epoch 0, batch 4550: tensor([30.3458, 30.0890], device='cuda:0', grad_fn=<GatherBackward>)
Loss at epoch 0, batch 4600: tensor([30.1024, 29.9377], device='cuda:0', grad_fn=<GatherBackward>)
Loss at epoch 0, batch 4650: tensor([30.0237, 29.8416], device='cuda:0', grad_fn=<GatherBackward>)
Loss at epoch 0, batch 4700: tensor([29.9785, 30.1243], device='cuda:0', grad_fn=<GatherBackward>)
Loss at epoch 0, batch 4750: tensor([30.4306, 30.2420], device='cuda:0', grad_fn=<GatherBackward>)
Loss at epoch 0, batch 4800: tensor([30.4198, 30.1988], device='cuda:0', grad_fn=<GatherBackward>)
Loss at epoch 0, batch 4850: tensor([29.8802, 29.9899], device='cuda:0', grad_fn=<GatherBackward>)
Loss at epoch 0, batch 4900: tensor([30.2309, 29.8179], device='cuda:0', grad_fn=<GatherBackward>)
Loss at epoch 0, batch 4950: tensor([29.2666, 29.9482], device='cuda:0', grad_fn=<GatherBackward>)
Loss at epoch 0, batch 5000: tensor([30.1134, 30.0140], device='cuda:0', grad_fn=<GatherBackward>)
Loss at epoch 0, batch 5050: tensor([29.7924, 29.8487], device='cuda:0', grad_fn=<GatherBackward>)
Loss at epoch 0, batch 5100: tensor([29.6832, 30.2196], device='cuda:0', grad_fn=<GatherBackward>)
Loss at epoch 0, batch 5150: tensor([30.4647, 30.1464], device='cuda:0', grad_fn=<GatherBackward>)
Loss at epoch 0, batch 5200: tensor([30.4670, 30.2025], device='cuda:0', grad_fn=<GatherBackward>)
Loss at epoch 0, batch 5250: tensor([29.7688, 30.1054], device='cuda:0', grad_fn=<GatherBackward>)
Loss at epoch 0, batch 5300: tensor([30.2396, 30.6975], device='cuda:0', grad_fn=<GatherBackward>)
Loss at epoch 0, batch 5350: tensor([29.7297, 29.9618], device='cuda:0', grad_fn=<GatherBackward>)
Loss at epoch 0, batch 5400: tensor([29.9898, 29.8857], device='cuda:0', grad_fn=<GatherBackward>)
Loss at epoch 0, batch 5450: tensor([29.8169, 30.1085], device='cuda:0', grad_fn=<GatherBackward>)
Loss at epoch 0, batch 5500: tensor([30.2949, 30.3936], device='cuda:0', grad_fn=<GatherBackward>)
Loss at epoch 0, batch 5550: tensor([30.1369, 29.6537], device='cuda:0', grad_fn=<GatherBackward>)
Loss at epoch 0, batch 5600: tensor([30.0145, 29.7545], device='cuda:0', grad_fn=<GatherBackward>)
Loss at epoch 0, batch 5650: tensor([29.7848, 30.2020], device='cuda:0', grad_fn=<GatherBackward>)
Loss at epoch 0, batch 5700: tensor([30.1147, 29.8206], device='cuda:0', grad_fn=<GatherBackward>)
Loss at epoch 0, batch 5750: tensor([30.1730, 29.9064], device='cuda:0', grad_fn=<GatherBackward>)
Loss at epoch 0, batch 5800: tensor([30.2871, 30.4218], device='cuda:0', grad_fn=<GatherBackward>)
Loss at epoch 0, batch 5850: tensor([29.9952, 29.6387], device='cuda:0', grad_fn=<GatherBackward>)
Loss at epoch 0, batch 5900: tensor([30.0123, 30.2364], device='cuda:0', grad_fn=<GatherBackward>)
Loss at epoch 0, batch 5950: tensor([30.0195, 30.1052], device='cuda:0', grad_fn=<GatherBackward>)
Loss at epoch 0, batch 6000: tensor([30.0425, 30.2344], device='cuda:0', grad_fn=<GatherBackward>)
Loss at epoch 0, batch 6050: tensor([30.3844, 29.9688], device='cuda:0', grad_fn=<GatherBackward>)
Loss at epoch 0, batch 6100: tensor([29.9989, 30.1913], device='cuda:0', grad_fn=<GatherBackward>)
Loss at epoch 0, batch 6150: tensor([30.0879, 30.0839], device='cuda:0', grad_fn=<GatherBackward>)
Loss at epoch 0, batch 6200: tensor([29.7371, 30.3511], device='cuda:0', grad_fn=<GatherBackward>)
Loss at epoch 0, batch 6250: tensor([30.2184, 30.0921], device='cuda:0', grad_fn=<GatherBackward>)
Loss at epoch 0, batch 6300: tensor([30.2844, 30.2658], device='cuda:0', grad_fn=<GatherBackward>)
Loss at epoch 0, batch 6350: tensor([29.7650, 30.3047], device='cuda:0', grad_fn=<GatherBackward>)
Loss at epoch 0, batch 6400: tensor([30.5168, 30.6212], device='cuda:0', grad_fn=<GatherBackward>)
Loss at epoch 0, batch 6450: tensor([29.6405, 29.6816], device='cuda:0', grad_fn=<GatherBackward>)
Loss at epoch 0, batch 6500: tensor([30.4150, 29.8869], device='cuda:0', grad_fn=<GatherBackward>)
Loss at epoch 0, batch 6550: tensor([29.8687, 30.1557], device='cuda:0', grad_fn=<GatherBackward>)
Loss at epoch 0, batch 6600: tensor([30.2068, 29.8797], device='cuda:0', grad_fn=<GatherBackward>)
Loss at epoch 0, batch 6650: tensor([29.8454, 30.0201], device='cuda:0', grad_fn=<GatherBackward>)
Loss at epoch 0, batch 6700: tensor([30.0252, 29.7956], device='cuda:0', grad_fn=<GatherBackward>)
Loss at epoch 0, batch 6750: tensor([29.7154, 29.7980], device='cuda:0', grad_fn=<GatherBackward>)
Loss at epoch 0, batch 6800: tensor([30.2376, 30.2270], device='cuda:0', grad_fn=<GatherBackward>)
Loss at epoch 0, batch 6850: tensor([29.8010, 30.5072], device='cuda:0', grad_fn=<GatherBackward>)
Loss at epoch 0, batch 6900: tensor([30.2956, 30.0678], device='cuda:0', grad_fn=<GatherBackward>)
Loss at epoch 0, batch 6950: tensor([30.2227, 30.3720], device='cuda:0', grad_fn=<GatherBackward>)
Loss at epoch 0, batch 7000: tensor([30.0660, 29.6101], device='cuda:0', grad_fn=<GatherBackward>)
Loss at epoch 0, batch 7050: tensor([30.5741, 30.1089], device='cuda:0', grad_fn=<GatherBackward>)
Loss at epoch 0, batch 7100: tensor([30.0801, 29.8328], device='cuda:0', grad_fn=<GatherBackward>)
Loss at epoch 0, batch 7150: tensor([29.6387, 29.7001], device='cuda:0', grad_fn=<GatherBackward>)
Loss at epoch 0, batch 7200: tensor([29.8069, 30.4292], device='cuda:0', grad_fn=<GatherBackward>)
Loss at epoch 0, batch 7250: tensor([30.8563, 30.1251], device='cuda:0', grad_fn=<GatherBackward>)
Loss at epoch 0, batch 7300: tensor([30.1756, 30.0416], device='cuda:0', grad_fn=<GatherBackward>)
Loss at epoch 0, batch 7350: tensor([30.2896, 30.1676], device='cuda:0', grad_fn=<GatherBackward>)
Loss at epoch 0, batch 7400: tensor([29.8882, 30.1105], device='cuda:0', grad_fn=<GatherBackward>)
Loss at epoch 0, batch 7450: tensor([29.5908, 30.1554], device='cuda:0', grad_fn=<GatherBackward>)
Loss at epoch 0, batch 7500: tensor([30.2575, 29.8585], device='cuda:0', grad_fn=<GatherBackward>)
Loss at epoch 0, batch 7550: tensor([30.1511, 30.1057], device='cuda:0', grad_fn=<GatherBackward>)
Loss at epoch 0, batch 7600: tensor([29.5702, 30.3355], device='cuda:0', grad_fn=<GatherBackward>)
Loss at epoch 0, batch 7650: tensor([29.9026, 29.8106], device='cuda:0', grad_fn=<GatherBackward>)
Loss at epoch 0, batch 7700: tensor([29.6288, 29.8995], device='cuda:0', grad_fn=<GatherBackward>)
Loss at epoch 0, batch 7750: tensor([29.9259, 29.6707], device='cuda:0', grad_fn=<GatherBackward>)
Loss at epoch 0, batch 7800: tensor([30.5149, 30.6669], device='cuda:0', grad_fn=<GatherBackward>)
Loss at epoch 0, batch 7850: tensor([29.9586, 29.9116], device='cuda:0', grad_fn=<GatherBackward>)
Loss at epoch 0, batch 7900: tensor([29.8766, 30.4399], device='cuda:0', grad_fn=<GatherBackward>)
Loss at epoch 0, batch 7950: tensor([30.0016, 29.7438], device='cuda:0', grad_fn=<GatherBackward>)
Loss at epoch 0, batch 8000: tensor([29.8818, 29.9551], device='cuda:0', grad_fn=<GatherBackward>)
Loss at epoch 0, batch 8050: tensor([30.1922, 29.9407], device='cuda:0', grad_fn=<GatherBackward>)
Loss at epoch 0, batch 8100: tensor([30.2338, 29.8972], device='cuda:0', grad_fn=<GatherBackward>)
Loss at epoch 0, batch 8150: tensor([30.1983, 29.9868], device='cuda:0', grad_fn=<GatherBackward>)
Loss at epoch 0, batch 8200: tensor([29.7615, 30.6331], device='cuda:0', grad_fn=<GatherBackward>)
Loss at epoch 0, batch 8250: tensor([30.0619, 30.1721], device='cuda:0', grad_fn=<GatherBackward>)
Loss at epoch 0, batch 8300: tensor([29.9499, 29.8601], device='cuda:0', grad_fn=<GatherBackward>)
Loss at epoch 0, batch 8350: tensor([30.0680, 29.9575], device='cuda:0', grad_fn=<GatherBackward>)
Loss at epoch 0, batch 8400: tensor([29.9557, 29.9592], device='cuda:0', grad_fn=<GatherBackward>)
Loss at epoch 0, batch 8450: tensor([29.7547, 30.6958], device='cuda:0', grad_fn=<GatherBackward>)
Loss at epoch 0, batch 8500: tensor([29.9331, 29.9576], device='cuda:0', grad_fn=<GatherBackward>)
Loss at epoch 0, batch 8550: tensor([30.3580, 29.9187], device='cuda:0', grad_fn=<GatherBackward>)
Loss at epoch 0, batch 8600: tensor([29.8766, 30.1847], device='cuda:0', grad_fn=<GatherBackward>)
Loss at epoch 0, batch 8650: tensor([30.2493, 29.7809], device='cuda:0', grad_fn=<GatherBackward>)
Loss at epoch 0, batch 8700: tensor([30.7666, 30.2235], device='cuda:0', grad_fn=<GatherBackward>)
Loss at epoch 0, batch 8750: tensor([30.3388, 30.0493], device='cuda:0', grad_fn=<GatherBackward>)
Loss at epoch 0, batch 8800: tensor([29.8004, 30.1068], device='cuda:0', grad_fn=<GatherBackward>)
Loss at epoch 0, batch 8850: tensor([29.6984, 30.3049], device='cuda:0', grad_fn=<GatherBackward>)
Loss at epoch 0, batch 8900: tensor([30.5275, 29.8391], device='cuda:0', grad_fn=<GatherBackward>)
Loss at epoch 0, batch 8950: tensor([30.0678, 30.2386], device='cuda:0', grad_fn=<GatherBackward>)
Loss at epoch 0, batch 9000: tensor([30.2661, 30.2610], device='cuda:0', grad_fn=<GatherBackward>)
Loss at epoch 0, batch 9050: tensor([30.1395, 29.7860], device='cuda:0', grad_fn=<GatherBackward>)
Loss at epoch 0, batch 9100: tensor([30.3139, 29.8078], device='cuda:0', grad_fn=<GatherBackward>)
Loss at epoch 0, batch 9150: tensor([29.6994, 30.1648], device='cuda:0', grad_fn=<GatherBackward>)
Loss at epoch 0, batch 9200: tensor([29.6170, 29.8183], device='cuda:0', grad_fn=<GatherBackward>)
Adjusting learning rate of group 0 to 2.7000e-04.
Loss at epoch 1, batch 0: tensor([30.0719, 30.0307], device='cuda:0', grad_fn=<GatherBackward>)
Loss at epoch 1, batch 50: tensor([30.0031, 30.3319], device='cuda:0', grad_fn=<GatherBackward>)
Loss at epoch 1, batch 100: tensor([29.9889, 30.4059], device='cuda:0', grad_fn=<GatherBackward>)
Loss at epoch 1, batch 150: tensor([29.8153, 29.9965], device='cuda:0', grad_fn=<GatherBackward>)
Loss at epoch 1, batch 200: tensor([29.6625, 30.0048], device='cuda:0', grad_fn=<GatherBackward>)
Loss at epoch 1, batch 250: tensor([29.8558, 29.9696], device='cuda:0', grad_fn=<GatherBackward>)
Loss at epoch 1, batch 300: tensor([30.1339, 30.1945], device='cuda:0', grad_fn=<GatherBackward>)
Loss at epoch 1, batch 350: tensor([30.0402, 30.2237], device='cuda:0', grad_fn=<GatherBackward>)
Loss at epoch 1, batch 400: tensor([30.0651, 29.5904], device='cuda:0', grad_fn=<GatherBackward>)
Loss at epoch 1, batch 450: tensor([30.0620, 30.0979], device='cuda:0', grad_fn=<GatherBackward>)
Loss at epoch 1, batch 500: tensor([29.9424, 30.3080], device='cuda:0', grad_fn=<GatherBackward>)
Loss at epoch 1, batch 550: tensor([30.0366, 30.3773], device='cuda:0', grad_fn=<GatherBackward>)
Loss at epoch 1, batch 600: tensor([30.1155, 29.9606], device='cuda:0', grad_fn=<GatherBackward>)
Loss at epoch 1, batch 650: tensor([30.1198, 29.7685], device='cuda:0', grad_fn=<GatherBackward>)
Loss at epoch 1, batch 700: tensor([29.6590, 29.9199], device='cuda:0', grad_fn=<GatherBackward>)
Loss at epoch 1, batch 750: tensor([30.3760, 30.0707], device='cuda:0', grad_fn=<GatherBackward>)
Loss at epoch 1, batch 800: tensor([30.2062, 30.1849], device='cuda:0', grad_fn=<GatherBackward>)
Loss at epoch 1, batch 850: tensor([30.2751, 30.3919], device='cuda:0', grad_fn=<GatherBackward>)
Loss at epoch 1, batch 900: tensor([30.1105, 29.5216], device='cuda:0', grad_fn=<GatherBackward>)
Loss at epoch 1, batch 950: tensor([29.9492, 29.6311], device='cuda:0', grad_fn=<GatherBackward>)
Loss at epoch 1, batch 1000: tensor([30.0801, 30.4716], device='cuda:0', grad_fn=<GatherBackward>)
Loss at epoch 1, batch 1050: tensor([29.8590, 30.1073], device='cuda:0', grad_fn=<GatherBackward>)
Loss at epoch 1, batch 1100: tensor([30.5133, 30.0877], device='cuda:0', grad_fn=<GatherBackward>)
